<?xml version="1.0" encoding="UTF-8"?>
<testsuite xmlns:xsi="http://www.w3.org/2001/XMLSchema-instance" xsi:noNamespaceSchemaLocation="https://maven.apache.org/surefire/maven-surefire-plugin/xsd/surefire-test-report-3.0.xsd" version="3.0" name="com.konsul.partyrank.PartyrankApplicationTests" time="7.069" tests="1" errors="0" skipped="0" failures="0">
  <properties>
[...]
</properties>
  <testcase name="contextLoads" classname="com.konsul.partyrank.PartyrankApplicationTests" time="0.453">
    <system-out><![CDATA[11:04:16.283 [main] INFO org.springframework.test.context.support.AnnotationConfigContextLoaderUtils -- Could not detect default configuration classes for test class [com.konsul.partyrank.PartyrankApplicationTests]: PartyrankApplicationTests does not declare any static, non-private, non-final, nested classes annotated with @Configuration.
11:04:16.401 [main] INFO org.springframework.boot.test.context.SpringBootTestContextBootstrapper -- Found @SpringBootConfiguration com.konsul.partyrank.PartyrankApplication for test class com.konsul.partyrank.PartyrankApplicationTests

  .   ____          _            __ _ _
 /\\ / ___'_ __ _ _(_)_ __  __ _ \ \ \ \
( ( )\___ | '_ | '_| | '_ \/ _` | \ \ \ \
 \\/  ___)| |_)| | | | | || (_| |  ) ) ) )
  '  |____| .__|_| |_|_| |_\__, | / / / /
 =========|_|==============|___/=/_/_/_/
 :: Spring Boot ::                (v3.2.3)

2024-02-29T11:04:16.766Z  INFO 12812 --- [           main] c.k.partyrank.PartyrankApplicationTests  : Starting PartyrankApplicationTests using Java 21.0.1 with PID 12812 (started by 2DAM in C:\PartyRank\PartyRanking\partyrank)
2024-02-29T11:04:16.766Z  INFO 12812 --- [           main] c.k.partyrank.PartyrankApplicationTests  : No active profile set, falling back to 1 default profile: "default"
2024-02-29T11:04:17.787Z  INFO 12812 --- [           main] .s.d.r.c.RepositoryConfigurationDelegate : Bootstrapping Spring Data JPA repositories in DEFAULT mode.
2024-02-29T11:04:17.852Z  INFO 12812 --- [           main] .s.d.r.c.RepositoryConfigurationDelegate : Finished Spring Data repository scanning in 49 ms. Found 2 JPA repository interfaces.
2024-02-29T11:04:18.597Z  INFO 12812 --- [           main] com.zaxxer.hikari.HikariDataSource       : HikariPool-1 - Starting...
2024-02-29T11:04:18.902Z  INFO 12812 --- [           main] com.zaxxer.hikari.pool.HikariPool        : HikariPool-1 - Added connection conn0: url=jdbc:h2:mem:51fc186d-c5e7-4f53-b38f-e6f44265f5c3 user=SA
2024-02-29T11:04:18.920Z  INFO 12812 --- [           main] com.zaxxer.hikari.HikariDataSource       : HikariPool-1 - Start completed.
2024-02-29T11:04:18.972Z  INFO 12812 --- [           main] o.hibernate.jpa.internal.util.LogHelper  : HHH000204: Processing PersistenceUnitInfo [name: default]
2024-02-29T11:04:19.057Z  INFO 12812 --- [           main] org.hibernate.Version                    : HHH000412: Hibernate ORM core version 6.4.4.Final
2024-02-29T11:04:19.105Z  INFO 12812 --- [           main] o.h.c.internal.RegionFactoryInitiator    : HHH000026: Second-level cache disabled
2024-02-29T11:04:19.377Z  INFO 12812 --- [           main] o.s.o.j.p.SpringPersistenceUnitInfo      : No LoadTimeWeaver setup: ignoring JPA class transformer
2024-02-29T11:04:20.148Z  INFO 12812 --- [           main] o.h.e.t.j.p.i.JtaPlatformInitiator       : HHH000489: No JTA platform available (set 'hibernate.transaction.jta.platform' to enable JTA platform integration)
2024-02-29T11:04:20.179Z  INFO 12812 --- [           main] j.LocalContainerEntityManagerFactoryBean : Initialized JPA EntityManagerFactory for persistence unit 'default'
2024-02-29T11:04:20.557Z  INFO 12812 --- [           main] o.s.d.j.r.query.QueryEnhancerFactory     : Hibernate is in classpath; If applicable, HQL parser will be used.
2024-02-29T11:04:21.246Z  WARN 12812 --- [           main] JpaBaseConfiguration$JpaWebConfiguration : spring.jpa.open-in-view is enabled by default. Therefore, database queries may be performed during view rendering. Explicitly configure spring.jpa.open-in-view to disable this warning
WEBCONNECT
2024-02-29T11:04:21.898Z  INFO 12812 --- [           main] o.s.b.a.e.web.EndpointLinksResolver      : Exposing 1 endpoint(s) beneath base path '/actuator'
2024-02-29T11:04:21.961Z  INFO 12812 --- [           main] o.s.s.web.DefaultSecurityFilterChain     : Will secure any request with [org.springframework.security.web.session.DisableEncodeUrlFilter@3701acee, org.springframework.security.web.context.request.async.WebAsyncManagerIntegrationFilter@7ad0d002, org.springframework.security.web.context.SecurityContextHolderFilter@1b13e4fb, org.springframework.security.web.header.HeaderWriterFilter@2fbc704a, org.springframework.web.filter.CorsFilter@76a5a831, org.springframework.security.web.authentication.logout.LogoutFilter@279e9c95, com.konsul.partyrank.filter.JwtAuthenticationFilter@9d4d221, org.springframework.security.web.savedrequest.RequestCacheAwareFilter@d4e17ec, org.springframework.security.web.servletapi.SecurityContextHolderAwareRequestFilter@53af65eb, org.springframework.security.web.authentication.AnonymousAuthenticationFilter@63064672, org.springframework.security.web.session.SessionManagementFilter@5a318745, org.springframework.security.web.access.ExceptionTranslationFilter@4eb34397, org.springframework.security.web.access.intercept.AuthorizationFilter@5ccf1542]
2024-02-29T11:04:22.612Z  INFO 12812 --- [           main] o.s.m.s.b.SimpleBrokerMessageHandler     : Starting...
2024-02-29T11:04:22.612Z  INFO 12812 --- [           main] o.s.m.s.b.SimpleBrokerMessageHandler     : BrokerAvailabilityEvent[available=true, SimpleBrokerMessageHandler [org.springframework.messaging.simp.broker.DefaultSubscriptionRegistry@6e0d7be4]]
2024-02-29T11:04:22.612Z  INFO 12812 --- [           main] o.s.m.s.b.SimpleBrokerMessageHandler     : Started.
2024-02-29T11:04:22.628Z  INFO 12812 --- [           main] c.k.partyrank.PartyrankApplicationTests  : Started PartyrankApplicationTests in 6.088 seconds (process running for 6.964)
]]></system-out>
    <system-err><![CDATA[WARNING: A Java agent has been loaded dynamically (C:\Users\2DAM\.m2\repository\net\bytebuddy\byte-buddy-agent\1.14.12\byte-buddy-agent-1.14.12.jar)
WARNING: If a serviceability tool is in use, please run with -XX:+EnableDynamicAgentLoading to hide this warning
WARNING: If a serviceability tool is not in use, please run with -Djdk.instrument.traceUsage for more information
WARNING: Dynamic loading of agents will be disallowed by default in a future release
]]></system-err>
  </testcase>
</testsuite>