<?xml version="1.0" encoding="UTF-8"?>
<testsuite xmlns:xsi="http://www.w3.org/2001/XMLSchema-instance" xsi:noNamespaceSchemaLocation="https://maven.apache.org/surefire/maven-surefire-plugin/xsd/surefire-test-report-3.0.xsd" version="3.0" name="com.konsul.partyrank.PartyrankApplicationTests" time="4.06" tests="1" errors="0" skipped="0" failures="0">
  <properties>
[...]
</properties>
  <testcase name="contextLoads" classname="com.konsul.partyrank.PartyrankApplicationTests" time="0.325">
    <system-out><![CDATA[18:27:22.582 [main] INFO org.springframework.test.context.support.AnnotationConfigContextLoaderUtils -- Could not detect default configuration classes for test class [com.konsul.partyrank.PartyrankApplicationTests]: PartyrankApplicationTests does not declare any static, non-private, non-final, nested classes annotated with @Configuration.
18:27:22.644 [main] INFO org.springframework.boot.test.context.SpringBootTestContextBootstrapper -- Found @SpringBootConfiguration com.konsul.partyrank.PartyrankApplication for test class com.konsul.partyrank.PartyrankApplicationTests

  .   ____          _            __ _ _
 /\\ / ___'_ __ _ _(_)_ __  __ _ \ \ \ \
( ( )\___ | '_ | '_| | '_ \/ _` | \ \ \ \
 \\/  ___)| |_)| | | | | || (_| |  ) ) ) )
  '  |____| .__|_| |_|_| |_\__, | / / / /
 =========|_|==============|___/=/_/_/_/
 :: Spring Boot ::                (v3.2.3)

2024-02-28T18:27:22.891Z  INFO 187400 --- [           main] c.k.partyrank.PartyrankApplicationTests  : Starting PartyrankApplicationTests using Java 21 with PID 187400 (started by chrii in D:\Proyectos\Party-Rank\partyrank)
2024-02-28T18:27:22.892Z  INFO 187400 --- [           main] c.k.partyrank.PartyrankApplicationTests  : No active profile set, falling back to 1 default profile: "default"
2024-02-28T18:27:23.363Z  INFO 187400 --- [           main] .s.d.r.c.RepositoryConfigurationDelegate : Bootstrapping Spring Data JPA repositories in DEFAULT mode.
2024-02-28T18:27:23.393Z  INFO 187400 --- [           main] .s.d.r.c.RepositoryConfigurationDelegate : Finished Spring Data repository scanning in 26 ms. Found 2 JPA repository interfaces.
2024-02-28T18:27:23.779Z  INFO 187400 --- [           main] o.hibernate.jpa.internal.util.LogHelper  : HHH000204: Processing PersistenceUnitInfo [name: default]
2024-02-28T18:27:23.812Z  INFO 187400 --- [           main] org.hibernate.Version                    : HHH000412: Hibernate ORM core version 6.4.4.Final
2024-02-28T18:27:23.830Z  INFO 187400 --- [           main] o.h.c.internal.RegionFactoryInitiator    : HHH000026: Second-level cache disabled
2024-02-28T18:27:23.986Z  INFO 187400 --- [           main] o.s.o.j.p.SpringPersistenceUnitInfo      : No LoadTimeWeaver setup: ignoring JPA class transformer
2024-02-28T18:27:24.004Z  INFO 187400 --- [           main] com.zaxxer.hikari.HikariDataSource       : HikariPool-1 - Starting...
2024-02-28T18:27:24.202Z  INFO 187400 --- [           main] com.zaxxer.hikari.pool.HikariPool        : HikariPool-1 - Added connection org.postgresql.jdbc.PgConnection@c0013b8
2024-02-28T18:27:24.203Z  INFO 187400 --- [           main] com.zaxxer.hikari.HikariDataSource       : HikariPool-1 - Start completed.
2024-02-28T18:27:24.222Z  WARN 187400 --- [           main] org.hibernate.orm.deprecation            : HHH90000025: PostgreSQLDialect does not need to be specified explicitly using 'hibernate.dialect' (remove the property setting and it will be selected by default)
2024-02-28T18:27:24.708Z  INFO 187400 --- [           main] o.h.e.t.j.p.i.JtaPlatformInitiator       : HHH000489: No JTA platform available (set 'hibernate.transaction.jta.platform' to enable JTA platform integration)
2024-02-28T18:27:24.870Z  INFO 187400 --- [           main] j.LocalContainerEntityManagerFactoryBean : Initialized JPA EntityManagerFactory for persistence unit 'default'
2024-02-28T18:27:25.043Z  INFO 187400 --- [           main] o.s.d.j.r.query.QueryEnhancerFactory     : Hibernate is in classpath; If applicable, HQL parser will be used.
2024-02-28T18:27:25.399Z  WARN 187400 --- [           main] JpaBaseConfiguration$JpaWebConfiguration : spring.jpa.open-in-view is enabled by default. Therefore, database queries may be performed during view rendering. Explicitly configure spring.jpa.open-in-view to disable this warning
WEBCONNECT
2024-02-28T18:27:25.713Z  INFO 187400 --- [           main] o.s.b.a.e.web.EndpointLinksResolver      : Exposing 1 endpoint(s) beneath base path '/actuator'
2024-02-28T18:27:25.745Z  INFO 187400 --- [           main] o.s.s.web.DefaultSecurityFilterChain     : Will secure any request with [org.springframework.security.web.session.DisableEncodeUrlFilter@73e21fb5, org.springframework.security.web.context.request.async.WebAsyncManagerIntegrationFilter@62371858, org.springframework.security.web.context.SecurityContextHolderFilter@44835de9, org.springframework.security.web.header.HeaderWriterFilter@65640109, org.springframework.web.filter.CorsFilter@17478cec, org.springframework.security.web.authentication.logout.LogoutFilter@2138386f, com.konsul.partyrank.filter.JwtAuthenticationFilter@1b5df8b7, org.springframework.security.web.savedrequest.RequestCacheAwareFilter@18d6ac02, org.springframework.security.web.servletapi.SecurityContextHolderAwareRequestFilter@55a8f92d, org.springframework.security.web.authentication.AnonymousAuthenticationFilter@7734695d, org.springframework.security.web.session.SessionManagementFilter@4d96c290, org.springframework.security.web.access.ExceptionTranslationFilter@693afcd1, org.springframework.security.web.access.intercept.AuthorizationFilter@39e75e88]
2024-02-28T18:27:26.104Z  INFO 187400 --- [           main] o.s.m.s.b.SimpleBrokerMessageHandler     : Starting...
2024-02-28T18:27:26.105Z  INFO 187400 --- [           main] o.s.m.s.b.SimpleBrokerMessageHandler     : BrokerAvailabilityEvent[available=true, SimpleBrokerMessageHandler [org.springframework.messaging.simp.broker.DefaultSubscriptionRegistry@20ca2c3f]]
2024-02-28T18:27:26.106Z  INFO 187400 --- [           main] o.s.m.s.b.SimpleBrokerMessageHandler     : Started.
2024-02-28T18:27:26.112Z  INFO 187400 --- [           main] c.k.partyrank.PartyrankApplicationTests  : Started PartyrankApplicationTests in 3.383 seconds (process running for 3.957)
]]></system-out>
    <system-err><![CDATA[WARNING: A Java agent has been loaded dynamically (C:\Users\chrii\.m2\repository\net\bytebuddy\byte-buddy-agent\1.14.12\byte-buddy-agent-1.14.12.jar)
WARNING: If a serviceability tool is in use, please run with -XX:+EnableDynamicAgentLoading to hide this warning
WARNING: If a serviceability tool is not in use, please run with -Djdk.instrument.traceUsage for more information
WARNING: Dynamic loading of agents will be disallowed by default in a future release
]]></system-err>
  </testcase>
</testsuite>